Analysis & Synthesis report for SingleCycleProcessor
Mon Sep  5 16:15:50 2022
Quartus Prime Version 20.1.0 Build 711 06/05/2020 SJ Lite Edition


---------------------
; Table of Contents ;
---------------------
  1. Legal Notice
  2. Analysis & Synthesis Summary
  3. Analysis & Synthesis Settings
  4. Parallel Compilation
  5. Analysis & Synthesis Source Files Read
  6. Analysis & Synthesis Resource Usage Summary
  7. Analysis & Synthesis Resource Utilization by Entity
  8. General Register Statistics
  9. Parameter Settings for User Entity Instance: Top-level Entity: |fetch
 10. Parameter Settings for User Entity Instance: mux2:muxDevice
 11. Parameter Settings for User Entity Instance: flopr:floprDevice
 12. Parameter Settings for User Entity Instance: adder:addDevice
 13. Port Connectivity Checks: "adder:addDevice"
 14. Post-Synthesis Netlist Statistics for Top Partition
 15. Elapsed Time Per Partition
 16. Analysis & Synthesis Messages



----------------
; Legal Notice ;
----------------
Copyright (C) 2020  Intel Corporation. All rights reserved.
Your use of Intel Corporation's design tools, logic functions 
and other software and tools, and any partner logic 
functions, and any output files from any of the foregoing 
(including device programming or simulation files), and any 
associated documentation or information are expressly subject 
to the terms and conditions of the Intel Program License 
Subscription Agreement, the Intel Quartus Prime License Agreement,
the Intel FPGA IP License Agreement, or other applicable license
agreement, including, without limitation, that your use is for
the sole purpose of programming logic devices manufactured by
Intel and sold by Intel or its authorized distributors.  Please
refer to the applicable agreement for further details, at
https://fpgasoftware.intel.com/eula.



+----------------------------------------------------------------------------------+
; Analysis & Synthesis Summary                                                     ;
+------------------------------------+---------------------------------------------+
; Analysis & Synthesis Status        ; Successful - Mon Sep  5 16:15:50 2022       ;
; Quartus Prime Version              ; 20.1.0 Build 711 06/05/2020 SJ Lite Edition ;
; Revision Name                      ; SingleCycleProcessor                        ;
; Top-level Entity Name              ; fetch                                       ;
; Family                             ; Cyclone IV E                                ;
; Total logic elements               ; 64                                          ;
;     Total combinational functions  ; 59                                          ;
;     Dedicated logic registers      ; 64                                          ;
; Total registers                    ; 64                                          ;
; Total pins                         ; 131                                         ;
; Total virtual pins                 ; 0                                           ;
; Total memory bits                  ; 0                                           ;
; Embedded Multiplier 9-bit elements ; 0                                           ;
; Total PLLs                         ; 0                                           ;
+------------------------------------+---------------------------------------------+


+--------------------------------------------------------------------------------------------------------------+
; Analysis & Synthesis Settings                                                                                ;
+------------------------------------------------------------------+--------------------+----------------------+
; Option                                                           ; Setting            ; Default Value        ;
+------------------------------------------------------------------+--------------------+----------------------+
; Device                                                           ; EP4CE22F17C6       ;                      ;
; Top-level entity name                                            ; fetch              ; SingleCycleProcessor ;
; Family name                                                      ; Cyclone IV E       ; Cyclone V            ;
; Maximum processors allowed for parallel compilation              ; All                ;                      ;
; Use smart compilation                                            ; Off                ; Off                  ;
; Enable parallel Assembler and Timing Analyzer during compilation ; On                 ; On                   ;
; Enable compact report table                                      ; Off                ; Off                  ;
; Restructure Multiplexers                                         ; Auto               ; Auto                 ;
; Create Debugging Nodes for IP Cores                              ; Off                ; Off                  ;
; Preserve fewer node names                                        ; On                 ; On                   ;
; Intel FPGA IP Evaluation Mode                                    ; Enable             ; Enable               ;
; Verilog Version                                                  ; Verilog_2001       ; Verilog_2001         ;
; VHDL Version                                                     ; VHDL_1993          ; VHDL_1993            ;
; State Machine Processing                                         ; Auto               ; Auto                 ;
; Safe State Machine                                               ; Off                ; Off                  ;
; Extract Verilog State Machines                                   ; On                 ; On                   ;
; Extract VHDL State Machines                                      ; On                 ; On                   ;
; Ignore Verilog initial constructs                                ; Off                ; Off                  ;
; Iteration limit for constant Verilog loops                       ; 5000               ; 5000                 ;
; Iteration limit for non-constant Verilog loops                   ; 250                ; 250                  ;
; Add Pass-Through Logic to Inferred RAMs                          ; On                 ; On                   ;
; Infer RAMs from Raw Logic                                        ; On                 ; On                   ;
; Parallel Synthesis                                               ; On                 ; On                   ;
; DSP Block Balancing                                              ; Auto               ; Auto                 ;
; NOT Gate Push-Back                                               ; On                 ; On                   ;
; Power-Up Don't Care                                              ; On                 ; On                   ;
; Remove Redundant Logic Cells                                     ; Off                ; Off                  ;
; Remove Duplicate Registers                                       ; On                 ; On                   ;
; Ignore CARRY Buffers                                             ; Off                ; Off                  ;
; Ignore CASCADE Buffers                                           ; Off                ; Off                  ;
; Ignore GLOBAL Buffers                                            ; Off                ; Off                  ;
; Ignore ROW GLOBAL Buffers                                        ; Off                ; Off                  ;
; Ignore LCELL Buffers                                             ; Off                ; Off                  ;
; Ignore SOFT Buffers                                              ; On                 ; On                   ;
; Limit AHDL Integers to 32 Bits                                   ; Off                ; Off                  ;
; Optimization Technique                                           ; Balanced           ; Balanced             ;
; Carry Chain Length                                               ; 70                 ; 70                   ;
; Auto Carry Chains                                                ; On                 ; On                   ;
; Auto Open-Drain Pins                                             ; On                 ; On                   ;
; Perform WYSIWYG Primitive Resynthesis                            ; Off                ; Off                  ;
; Auto ROM Replacement                                             ; On                 ; On                   ;
; Auto RAM Replacement                                             ; On                 ; On                   ;
; Auto DSP Block Replacement                                       ; On                 ; On                   ;
; Auto Shift Register Replacement                                  ; Auto               ; Auto                 ;
; Allow Shift Register Merging across Hierarchies                  ; Auto               ; Auto                 ;
; Auto Clock Enable Replacement                                    ; On                 ; On                   ;
; Strict RAM Replacement                                           ; Off                ; Off                  ;
; Allow Synchronous Control Signals                                ; On                 ; On                   ;
; Force Use of Synchronous Clear Signals                           ; Off                ; Off                  ;
; Auto RAM Block Balancing                                         ; On                 ; On                   ;
; Auto RAM to Logic Cell Conversion                                ; Off                ; Off                  ;
; Auto Resource Sharing                                            ; Off                ; Off                  ;
; Allow Any RAM Size For Recognition                               ; Off                ; Off                  ;
; Allow Any ROM Size For Recognition                               ; Off                ; Off                  ;
; Allow Any Shift Register Size For Recognition                    ; Off                ; Off                  ;
; Use LogicLock Constraints during Resource Balancing              ; On                 ; On                   ;
; Ignore translate_off and synthesis_off directives                ; Off                ; Off                  ;
; Timing-Driven Synthesis                                          ; On                 ; On                   ;
; Report Parameter Settings                                        ; On                 ; On                   ;
; Report Source Assignments                                        ; On                 ; On                   ;
; Report Connectivity Checks                                       ; On                 ; On                   ;
; Ignore Maximum Fan-Out Assignments                               ; Off                ; Off                  ;
; Synchronization Register Chain Length                            ; 2                  ; 2                    ;
; Power Optimization During Synthesis                              ; Normal compilation ; Normal compilation   ;
; HDL message level                                                ; Level2             ; Level2               ;
; Suppress Register Optimization Related Messages                  ; Off                ; Off                  ;
; Number of Removed Registers Reported in Synthesis Report         ; 5000               ; 5000                 ;
; Number of Swept Nodes Reported in Synthesis Report               ; 5000               ; 5000                 ;
; Number of Inverted Registers Reported in Synthesis Report        ; 100                ; 100                  ;
; Clock MUX Protection                                             ; On                 ; On                   ;
; Auto Gated Clock Conversion                                      ; Off                ; Off                  ;
; Block Design Naming                                              ; Auto               ; Auto                 ;
; SDC constraint protection                                        ; Off                ; Off                  ;
; Synthesis Effort                                                 ; Auto               ; Auto                 ;
; Shift Register Replacement - Allow Asynchronous Clear Signal     ; On                 ; On                   ;
; Pre-Mapping Resynthesis Optimization                             ; Off                ; Off                  ;
; Analysis & Synthesis Message Level                               ; Medium             ; Medium               ;
; Disable Register Merging Across Hierarchies                      ; Auto               ; Auto                 ;
; Resource Aware Inference For Block RAM                           ; On                 ; On                   ;
+------------------------------------------------------------------+--------------------+----------------------+


+------------------------------------------+
; Parallel Compilation                     ;
+----------------------------+-------------+
; Processors                 ; Number      ;
+----------------------------+-------------+
; Number detected on machine ; 16          ;
; Maximum allowed            ; 8           ;
;                            ;             ;
; Average used               ; 1.00        ;
; Maximum used               ; 8           ;
;                            ;             ;
; Usage by Processor         ; % Time Used ;
;     Processor 1            ; 100.0%      ;
;     Processors 2-8         ;   0.0%      ;
+----------------------------+-------------+


+-------------------------------------------------------------------------------------------------------------------------------------------------------------------------+
; Analysis & Synthesis Source Files Read                                                                                                                                  ;
+----------------------------------+-----------------+------------------------------+---------------------------------------------------------------------------+---------+
; File Name with User-Entered Path ; Used in Netlist ; File Type                    ; File Name with Absolute Path                                              ; Library ;
+----------------------------------+-----------------+------------------------------+---------------------------------------------------------------------------+---------+
; flopr.sv                         ; yes             ; User SystemVerilog HDL File  ; /home/ignacio/Projects/gitProjects/famaf/arqComputador/practico1/flopr.sv ;         ;
; mux2.sv                          ; yes             ; User SystemVerilog HDL File  ; /home/ignacio/Projects/gitProjects/famaf/arqComputador/practico1/mux2.sv  ;         ;
; adder.sv                         ; yes             ; User SystemVerilog HDL File  ; /home/ignacio/Projects/gitProjects/famaf/arqComputador/practico1/adder.sv ;         ;
; fetch.sv                         ; yes             ; User SystemVerilog HDL File  ; /home/ignacio/Projects/gitProjects/famaf/arqComputador/practico1/fetch.sv ;         ;
+----------------------------------+-----------------+------------------------------+---------------------------------------------------------------------------+---------+


+---------------------------------------------------------+
; Analysis & Synthesis Resource Usage Summary             ;
+---------------------------------------------+-----------+
; Resource                                    ; Usage     ;
+---------------------------------------------+-----------+
; Estimated Total logic elements              ; 64        ;
;                                             ;           ;
; Total combinational functions               ; 59        ;
; Logic element usage by number of LUT inputs ;           ;
;     -- 4 input functions                    ; 0         ;
;     -- 3 input functions                    ; 0         ;
;     -- <=2 input functions                  ; 59        ;
;                                             ;           ;
; Logic elements by mode                      ;           ;
;     -- normal mode                          ; 1         ;
;     -- arithmetic mode                      ; 58        ;
;                                             ;           ;
; Total registers                             ; 64        ;
;     -- Dedicated logic registers            ; 64        ;
;     -- I/O registers                        ; 0         ;
;                                             ;           ;
; I/O pins                                    ; 131       ;
;                                             ;           ;
; Embedded Multiplier 9-bit elements          ; 0         ;
;                                             ;           ;
; Maximum fan-out node                        ; clk~input ;
; Maximum fan-out                             ; 64        ;
; Total fan-out                               ; 627       ;
; Average fan-out                             ; 1.63      ;
+---------------------------------------------+-----------+


+---------------------------------------------------------------------------------------------------------------------------------------------------------------------------------------------------------------+
; Analysis & Synthesis Resource Utilization by Entity                                                                                                                                                           ;
+----------------------------+---------------------+---------------------------+-------------+--------------+---------+-----------+------+--------------+--------------------------+-------------+--------------+
; Compilation Hierarchy Node ; Combinational ALUTs ; Dedicated Logic Registers ; Memory Bits ; DSP Elements ; DSP 9x9 ; DSP 18x18 ; Pins ; Virtual Pins ; Full Hierarchy Name      ; Entity Name ; Library Name ;
+----------------------------+---------------------+---------------------------+-------------+--------------+---------+-----------+------+--------------+--------------------------+-------------+--------------+
; |fetch                     ; 59 (0)              ; 64 (0)                    ; 0           ; 0            ; 0       ; 0         ; 131  ; 0            ; |fetch                   ; fetch       ; work         ;
;    |flopr:floprDevice|     ; 59 (59)             ; 64 (64)                   ; 0           ; 0            ; 0       ; 0         ; 0    ; 0            ; |fetch|flopr:floprDevice ; flopr       ; work         ;
+----------------------------+---------------------+---------------------------+-------------+--------------+---------+-----------+------+--------------+--------------------------+-------------+--------------+
Note: For table entries with two numbers listed, the numbers in parentheses indicate the number of resources of the given type used by the specific entity alone. The numbers listed outside of parentheses indicate the total resources of the given type used by the specific entity and all of its sub-entities in the hierarchy.


+------------------------------------------------------+
; General Register Statistics                          ;
+----------------------------------------------+-------+
; Statistic                                    ; Value ;
+----------------------------------------------+-------+
; Total registers                              ; 64    ;
; Number of registers using Synchronous Clear  ; 0     ;
; Number of registers using Synchronous Load   ; 59    ;
; Number of registers using Asynchronous Clear ; 64    ;
; Number of registers using Asynchronous Load  ; 0     ;
; Number of registers using Clock Enable       ; 5     ;
; Number of registers using Preset             ; 0     ;
+----------------------------------------------+-------+


+-----------------------------------------------------------------------+
; Parameter Settings for User Entity Instance: Top-level Entity: |fetch ;
+----------------+-------+----------------------------------------------+
; Parameter Name ; Value ; Type                                         ;
+----------------+-------+----------------------------------------------+
; N              ; 64    ; Signed Integer                               ;
+----------------+-------+----------------------------------------------+
Note: In order to hide this table in the UI and the text report file, please set the "Show Parameter Settings in Synthesis Report" option in "Analysis and Synthesis Settings -> More Settings" to "Off".


+-------------------------------------------------------------+
; Parameter Settings for User Entity Instance: mux2:muxDevice ;
+----------------+-------+------------------------------------+
; Parameter Name ; Value ; Type                               ;
+----------------+-------+------------------------------------+
; N              ; 64    ; Signed Integer                     ;
+----------------+-------+------------------------------------+
Note: In order to hide this table in the UI and the text report file, please set the "Show Parameter Settings in Synthesis Report" option in "Analysis and Synthesis Settings -> More Settings" to "Off".


+----------------------------------------------------------------+
; Parameter Settings for User Entity Instance: flopr:floprDevice ;
+----------------+-------+---------------------------------------+
; Parameter Name ; Value ; Type                                  ;
+----------------+-------+---------------------------------------+
; N              ; 64    ; Signed Integer                        ;
+----------------+-------+---------------------------------------+
Note: In order to hide this table in the UI and the text report file, please set the "Show Parameter Settings in Synthesis Report" option in "Analysis and Synthesis Settings -> More Settings" to "Off".


+--------------------------------------------------------------+
; Parameter Settings for User Entity Instance: adder:addDevice ;
+----------------+-------+-------------------------------------+
; Parameter Name ; Value ; Type                                ;
+----------------+-------+-------------------------------------+
; N              ; 64    ; Signed Integer                      ;
+----------------+-------+-------------------------------------+
Note: In order to hide this table in the UI and the text report file, please set the "Show Parameter Settings in Synthesis Report" option in "Analysis and Synthesis Settings -> More Settings" to "Off".


+---------------------------------------------+
; Port Connectivity Checks: "adder:addDevice" ;
+----------+-------+----------+---------------+
; Port     ; Type  ; Severity ; Details       ;
+----------+-------+----------+---------------+
; b[63..6] ; Input ; Info     ; Stuck at GND  ;
; b[4..0]  ; Input ; Info     ; Stuck at GND  ;
; b[5]     ; Input ; Info     ; Stuck at VCC  ;
+----------+-------+----------+---------------+


+-----------------------------------------------------+
; Post-Synthesis Netlist Statistics for Top Partition ;
+-----------------------+-----------------------------+
; Type                  ; Count                       ;
+-----------------------+-----------------------------+
; boundary_port         ; 131                         ;
; cycloneiii_ff         ; 64                          ;
;     CLR SLD           ; 59                          ;
;     ENA CLR           ; 5                           ;
; cycloneiii_lcell_comb ; 59                          ;
;     arith             ; 58                          ;
;         2 data inputs ; 58                          ;
;     normal            ; 1                           ;
;         1 data inputs ; 1                           ;
;                       ;                             ;
; Max LUT depth         ; 6.80                        ;
; Average LUT depth     ; 3.45                        ;
+-----------------------+-----------------------------+


+-------------------------------+
; Elapsed Time Per Partition    ;
+----------------+--------------+
; Partition Name ; Elapsed Time ;
+----------------+--------------+
; Top            ; 00:00:00     ;
+----------------+--------------+


+-------------------------------+
; Analysis & Synthesis Messages ;
+-------------------------------+
Info: *******************************************************************
Info: Running Quartus Prime Analysis & Synthesis
    Info: Version 20.1.0 Build 711 06/05/2020 SJ Lite Edition
    Info: Processing started: Mon Sep  5 16:15:45 2022
Info: Command: quartus_map --read_settings_files=on --write_settings_files=off SingleCycleProcessor -c SingleCycleProcessor
Info (20030): Parallel compilation is enabled and will use 8 of the 8 processors detected
Info (12021): Found 1 design units, including 1 entities, in source file flopr.sv
    Info (12023): Found entity 1: flopr File: /home/ignacio/Projects/gitProjects/famaf/arqComputador/practico1/flopr.sv Line: 3
Info (12021): Found 1 design units, including 1 entities, in source file signext.sv
    Info (12023): Found entity 1: signext File: /home/ignacio/Projects/gitProjects/famaf/arqComputador/practico1/signext.sv Line: 1
Info (12021): Found 1 design units, including 1 entities, in source file alu.sv
    Info (12023): Found entity 1: alu File: /home/ignacio/Projects/gitProjects/famaf/arqComputador/practico1/alu.sv Line: 1
Info (12021): Found 1 design units, including 1 entities, in source file imem.sv
    Info (12023): Found entity 1: imem File: /home/ignacio/Projects/gitProjects/famaf/arqComputador/practico1/imem.sv Line: 1
Info (12021): Found 1 design units, including 1 entities, in source file flopr_tb.sv
    Info (12023): Found entity 1: flopr_tb File: /home/ignacio/Projects/gitProjects/famaf/arqComputador/practico1/flopr_tb.sv Line: 17
Info (12021): Found 1 design units, including 1 entities, in source file regfile.sv
    Info (12023): Found entity 1: regfile File: /home/ignacio/Projects/gitProjects/famaf/arqComputador/practico1/regfile.sv Line: 1
Info (12021): Found 1 design units, including 1 entities, in source file maindec.sv
    Info (12023): Found entity 1: maindec File: /home/ignacio/Projects/gitProjects/famaf/arqComputador/practico1/maindec.sv Line: 1
Info (12021): Found 1 design units, including 1 entities, in source file sl2.sv
    Info (12023): Found entity 1: sl2 File: /home/ignacio/Projects/gitProjects/famaf/arqComputador/practico1/sl2.sv Line: 3
Info (12021): Found 1 design units, including 1 entities, in source file mux2.sv
    Info (12023): Found entity 1: mux2 File: /home/ignacio/Projects/gitProjects/famaf/arqComputador/practico1/mux2.sv Line: 3
Info (12021): Found 1 design units, including 1 entities, in source file adder.sv
    Info (12023): Found entity 1: adder File: /home/ignacio/Projects/gitProjects/famaf/arqComputador/practico1/adder.sv Line: 3
Info (12021): Found 1 design units, including 1 entities, in source file fetch.sv
    Info (12023): Found entity 1: fetch File: /home/ignacio/Projects/gitProjects/famaf/arqComputador/practico1/fetch.sv Line: 1
Info (12021): Found 1 design units, including 1 entities, in source file signext_tb.sv
    Info (12023): Found entity 1: signext_tb File: /home/ignacio/Projects/gitProjects/famaf/arqComputador/practico1/signext_tb.sv Line: 3
Info (12021): Found 1 design units, including 1 entities, in source file imem_tb.sv
    Info (12023): Found entity 1: imem_tb File: /home/ignacio/Projects/gitProjects/famaf/arqComputador/practico1/imem_tb.sv Line: 3
Info (12021): Found 1 design units, including 1 entities, in source file execute.sv
    Info (12023): Found entity 1: execute File: /home/ignacio/Projects/gitProjects/famaf/arqComputador/practico1/execute.sv Line: 1
Info (12021): Found 1 design units, including 1 entities, in source file alu_tb.sv
    Info (12023): Found entity 1: alu_tb File: /home/ignacio/Projects/gitProjects/famaf/arqComputador/practico1/alu_tb.sv Line: 3
Info (12021): Found 1 design units, including 1 entities, in source file regfile_tb.sv
    Info (12023): Found entity 1: regfile_tb File: /home/ignacio/Projects/gitProjects/famaf/arqComputador/practico1/regfile_tb.sv Line: 3
Info (12127): Elaborating entity "fetch" for the top level hierarchy
Info (12128): Elaborating entity "mux2" for hierarchy "mux2:muxDevice" File: /home/ignacio/Projects/gitProjects/famaf/arqComputador/practico1/fetch.sv Line: 6
Info (12128): Elaborating entity "flopr" for hierarchy "flopr:floprDevice" File: /home/ignacio/Projects/gitProjects/famaf/arqComputador/practico1/fetch.sv Line: 7
Info (12128): Elaborating entity "adder" for hierarchy "adder:addDevice" File: /home/ignacio/Projects/gitProjects/famaf/arqComputador/practico1/fetch.sv Line: 8
Info (286030): Timing-Driven Synthesis is running
Info (16010): Generating hard_block partition "hard_block:auto_generated_inst"
    Info (16011): Adding 0 node(s), including 0 DDIO, 0 PLL, 0 transceiver and 0 LCELL
Info (21057): Implemented 195 device resources after synthesis - the final resource count might be different
    Info (21058): Implemented 67 input pins
    Info (21059): Implemented 64 output pins
    Info (21061): Implemented 64 logic cells
Info: Quartus Prime Analysis & Synthesis was successful. 0 errors, 0 warnings
    Info: Peak virtual memory: 657 megabytes
    Info: Processing ended: Mon Sep  5 16:15:50 2022
    Info: Elapsed time: 00:00:05
    Info: Total CPU time (on all processors): 00:00:16


